<?xml version="1.0" encoding="UTF-8"?>
<testsuite xmlns:xsi="http://www.w3.org/2001/XMLSchema-instance" xsi:noNamespaceSchemaLocation="https://maven.apache.org/surefire/maven-surefire-plugin/xsd/surefire-test-report.xsd" name="fr.ufc.l3info.oprog.TestTicket" time="0" tests="23" errors="1" skipped="0" failures="0">
  <properties>
    <property name="sun.desktop" value="windows"/>
    <property name="awt.toolkit" value="sun.awt.windows.WToolkit"/>
    <property name="file.encoding.pkg" value="sun.io"/>
    <property name="java.specification.version" value="1.8"/>
    <property name="sun.cpu.isalist" value="amd64"/>
    <property name="sun.jnu.encoding" value="Cp1252"/>
    <property name="java.class.path" value="C:\Users\nbouh\IdeaProjects\Transport2\target\test-classes;C:\Users\nbouh\IdeaProjects\Transport2\target\classes;C:\Users\nbouh\IdeaProjects\Transport2\target\Ticket8.jar;C:\Users\nbouh\.m2\repository\junit\junit\4.11\junit-4.11.jar;C:\Users\nbouh\.m2\repository\org\hamcrest\hamcrest-core\1.3\hamcrest-core-1.3.jar;C:\Users\nbouh\.m2\repository\org\mockito\mockito-core\2.10.0\mockito-core-2.10.0.jar;C:\Users\nbouh\.m2\repository\net\bytebuddy\byte-buddy\1.7.4\byte-buddy-1.7.4.jar;C:\Users\nbouh\.m2\repository\net\bytebuddy\byte-buddy-agent\1.7.4\byte-buddy-agent-1.7.4.jar;C:\Users\nbouh\.m2\repository\org\objenesis\objenesis\2.6\objenesis-2.6.jar;"/>
    <property name="java.vm.vendor" value="Oracle Corporation"/>
    <property name="sun.arch.data.model" value="64"/>
    <property name="user.variant" value=""/>
    <property name="java.vendor.url" value="http://java.oracle.com/"/>
    <property name="user.timezone" value="Europe/Paris"/>
    <property name="java.vm.specification.version" value="1.8"/>
    <property name="os.name" value="Windows 10"/>
    <property name="user.country" value="FR"/>
    <property name="sun.java.launcher" value="SUN_STANDARD"/>
    <property name="sun.boot.library.path" value="C:\Program Files\Java\jdk1.8.0_151\jre\bin"/>
    <property name="sun.java.command" value="C:\Users\nbouh\AppData\Local\Temp\surefire8031685512656888601\surefirebooter3898448411622849608.jar C:\Users\nbouh\AppData\Local\Temp\surefire8031685512656888601 2019-10-26T21-20-23_871-jvmRun1 surefire4709930958830915023tmp surefire_04683554655149784529tmp"/>
    <property name="surefire.test.class.path" value="C:\Users\nbouh\IdeaProjects\Transport2\target\test-classes;C:\Users\nbouh\IdeaProjects\Transport2\target\classes;C:\Users\nbouh\IdeaProjects\Transport2\target\Ticket8.jar;C:\Users\nbouh\.m2\repository\junit\junit\4.11\junit-4.11.jar;C:\Users\nbouh\.m2\repository\org\hamcrest\hamcrest-core\1.3\hamcrest-core-1.3.jar;C:\Users\nbouh\.m2\repository\org\mockito\mockito-core\2.10.0\mockito-core-2.10.0.jar;C:\Users\nbouh\.m2\repository\net\bytebuddy\byte-buddy\1.7.4\byte-buddy-1.7.4.jar;C:\Users\nbouh\.m2\repository\net\bytebuddy\byte-buddy-agent\1.7.4\byte-buddy-agent-1.7.4.jar;C:\Users\nbouh\.m2\repository\org\objenesis\objenesis\2.6\objenesis-2.6.jar;"/>
    <property name="sun.cpu.endian" value="little"/>
    <property name="user.home" value="C:\Users\nbouh"/>
    <property name="user.language" value="fr"/>
    <property name="java.specification.vendor" value="Oracle Corporation"/>
    <property name="java.home" value="C:\Program Files\Java\jdk1.8.0_151\jre"/>
    <property name="basedir" value="C:\Users\nbouh\IdeaProjects\Transport2"/>
    <property name="file.separator" value="\"/>
    <property name="line.separator" value="&#10;"/>
    <property name="idea.version2019.2.3" value="true"/>
    <property name="java.vm.specification.vendor" value="Oracle Corporation"/>
    <property name="java.specification.name" value="Java Platform API Specification"/>
    <property name="java.awt.graphicsenv" value="sun.awt.Win32GraphicsEnvironment"/>
    <property name="surefire.real.class.path" value="C:\Users\nbouh\AppData\Local\Temp\surefire8031685512656888601\surefirebooter3898448411622849608.jar;C:\\Users\\nbouh\\.m2\\repository\\org\\jacoco\\org.jacoco.agent\\0.7.9\\org.jacoco.agent-0.7.9-runtime.jar"/>
    <property name="sun.boot.class.path" value="C:\Program Files\Java\jdk1.8.0_151\jre\lib\resources.jar;C:\Program Files\Java\jdk1.8.0_151\jre\lib\rt.jar;C:\Program Files\Java\jdk1.8.0_151\jre\lib\sunrsasign.jar;C:\Program Files\Java\jdk1.8.0_151\jre\lib\jsse.jar;C:\Program Files\Java\jdk1.8.0_151\jre\lib\jce.jar;C:\Program Files\Java\jdk1.8.0_151\jre\lib\charsets.jar;C:\Program Files\Java\jdk1.8.0_151\jre\lib\jfr.jar;C:\Program Files\Java\jdk1.8.0_151\jre\classes"/>
    <property name="user.script" value=""/>
    <property name="sun.management.compiler" value="HotSpot 64-Bit Tiered Compilers"/>
    <property name="java.runtime.version" value="1.8.0_151-b12"/>
    <property name="user.name" value="nbouh"/>
    <property name="path.separator" value=";"/>
    <property name="os.version" value="10.0"/>
    <property name="java.endorsed.dirs" value="C:\Program Files\Java\jdk1.8.0_151\jre\lib\endorsed"/>
    <property name="java.runtime.name" value="Java(TM) SE Runtime Environment"/>
    <property name="file.encoding" value="Cp1252"/>
    <property name="java.vm.name" value="Java HotSpot(TM) 64-Bit Server VM"/>
    <property name="localRepository" value="C:\Users\nbouh\.m2\repository"/>
    <property name="java.vendor.url.bug" value="http://bugreport.sun.com/bugreport/"/>
    <property name="java.io.tmpdir" value="C:\Users\nbouh\AppData\Local\Temp\"/>
    <property name="java.version" value="1.8.0_151"/>
    <property name="user.dir" value="C:\Users\nbouh\IdeaProjects\Transport2"/>
    <property name="os.arch" value="amd64"/>
    <property name="java.vm.specification.name" value="Java Virtual Machine Specification"/>
    <property name="java.awt.printerjob" value="sun.awt.windows.WPrinterJob"/>
    <property name="sun.os.patch.level" value=""/>
    <property name="java.library.path" value="C:\Program Files\Java\jdk1.8.0_151\jre\bin;C:\WINDOWS\Sun\Java\bin;C:\WINDOWS\system32;C:\WINDOWS;C:\Program Files (x86)\Razer Chroma SDK\bin;C:\Program Files\Razer Chroma SDK\bin;C:\Program Files (x86)\Common Files\Oracle\Java\javapath;C:\ProgramData\Oracle\Java\javapath;C:\Windows\system32;C:\Windows;C:\Windows\System32\Wbem;C:\Windows\System32\WindowsPowerShell\v1.0\;C:\Program Files (x86)\NVIDIA Corporation\PhysX\Common;C:\WINDOWS\system32;C:\WINDOWS;C:\WINDOWS\System32\Wbem;C:\WINDOWS\System32\WindowsPowerShell\v1.0\;C:\Users\nbouh\AppData\Local\Microsoft\WindowsApps;C:\WINDOWS\System32\OpenSSH\;C:\Program Files\NVIDIA Corporation\NVIDIA NvDLISR;;%SystemRoot%\system32;%SystemRoot%;%SystemRoot%\System32\Wbem;%SYSTEMROOT%\System32\WindowsPowerShell\v1.0\;%SYSTEMROOT%\System32\OpenSSH\;C:\Users\nbouh\AppData\Local\Microsoft\WindowsApps;;."/>
    <property name="java.vm.info" value="mixed mode"/>
    <property name="java.vendor" value="Oracle Corporation"/>
    <property name="java.vm.version" value="25.151-b12"/>
    <property name="java.ext.dirs" value="C:\Program Files\Java\jdk1.8.0_151\jre\lib\ext;C:\WINDOWS\Sun\Java\lib\ext"/>
    <property name="sun.io.unicode.encoding" value="UnicodeLittle"/>
    <property name="java.class.version" value="52.0"/>
  </properties>
  <testcase name="testGetEntryStation1" classname="fr.ufc.l3info.oprog.TestTicket" time="0"/>
  <testcase name="testGetEntryStation3" classname="fr.ufc.l3info.oprog.TestTicket" time="0"/>
  <testcase name="testInvalidate1" classname="fr.ufc.l3info.oprog.TestTicket" time="0"/>
  <testcase name="testInvalidate2" classname="fr.ufc.l3info.oprog.TestTicket" time="0"/>
  <testcase name="testEntering" classname="fr.ufc.l3info.oprog.TestTicket" time="0"/>
  <testcase name="testConstructeur" classname="fr.ufc.l3info.oprog.TestTicket" time="0"/>
  <testcase name="testEntering1" classname="fr.ufc.l3info.oprog.TestTicket" time="0"/>
  <testcase name="testEntering3" classname="fr.ufc.l3info.oprog.TestTicket" time="0"/>
  <testcase name="testEntering4" classname="fr.ufc.l3info.oprog.TestTicket" time="0"/>
  <testcase name="testEntering5" classname="fr.ufc.l3info.oprog.TestTicket" time="0"/>
  <testcase name="testAdjustFare1" classname="fr.ufc.l3info.oprog.TestTicket" time="0"/>
  <testcase name="testAdjustFare2" classname="fr.ufc.l3info.oprog.TestTicket" time="0"/>
  <testcase name="testAdjustFare3" classname="fr.ufc.l3info.oprog.TestTicket" time="0"/>
  <testcase name="testGetEntryStation" classname="fr.ufc.l3info.oprog.TestTicket" time="0"/>
  <testcase name="testIsValid1" classname="fr.ufc.l3info.oprog.TestTicket" time="0"/>
  <testcase name="testIsValid2" classname="fr.ufc.l3info.oprog.TestTicket" time="0"/>
  <testcase name="testIsValid3" classname="fr.ufc.l3info.oprog.TestTicket" time="0"/>
  <testcase name="testEntering2_KO" classname="fr.ufc.l3info.oprog.TestTicket" time="0">
    <error type="java.lang.NullPointerException">java.lang.NullPointerException
	at fr.ufc.l3info.oprog.TestTicket.testEntering2_KO(TestTicket.java:107)
</error>
  </testcase>
  <testcase name="testGetAmount" classname="fr.ufc.l3info.oprog.TestTicket" time="0"/>
  <testcase name="testAdjustFare" classname="fr.ufc.l3info.oprog.TestTicket" time="0"/>
  <testcase name="testIsChild" classname="fr.ufc.l3info.oprog.TestTicket" time="0"/>
  <testcase name="testIsValid" classname="fr.ufc.l3info.oprog.TestTicket" time="0"/>
  <testcase name="testInvalidate" classname="fr.ufc.l3info.oprog.TestTicket" time="0"/>
</testsuite>